[20:18:18] [main/INFO]: ModLauncher running: args [--username, aHappyOreo, --version, 1.16.5, --gameDir, C:\ATLauncher\instances\BrewoftheCurrent, --assetsDir, C:\ATLauncher\assets, --assetIndex, 1.16, --uuid, 631843551e67454fae4003ad5e67336b, --accessToken, ????????, --userType, msa, --versionType, release, --launchTarget, fmlclient, --fml.forgeVersion, 36.2.2, --fml.mcVersion, 1.16.5, --fml.forgeGroup, net.minecraftforge, --fml.mcpVersion, 20210115.111550, --width=854, --height=480]
[20:18:18] [main/INFO]: ModLauncher 8.0.9+86+master.3cf110c starting: java version 1.8.0_51 by Oracle Corporation
[20:18:18] [main/WARN]: LEGACY JDK DETECTED, SECURED JAR HANDLING DISABLED
[20:18:25] [main/INFO]: Added Lets Encrypt root certificates as additional trust
[20:18:25] [main/INFO]: SpongePowered MIXIN Subsystem Version=0.8.2 Source=file:/C:/ATLauncher/libraries/org/spongepowered/mixin/0.8.2/mixin-0.8.2.jar Service=ModLauncher Env=CLIENT
[20:18:40] [main/INFO]: Launching target 'fmlclient' with arguments [--version, 1.16.5, --gameDir, C:\ATLauncher\instances\BrewoftheCurrent, --assetsDir, C:\ATLauncher\assets, --uuid, 631843551e67454fae4003ad5e67336b, --username, aHappyOreo, --assetIndex, 1.16, --accessToken, ????????, --userType, msa, --versionType, release, --width=854, --height=480]
[20:19:27] [main/INFO]: Environment: authHost='https://authserver.mojang.com', accountsHost='https://api.mojang.com', sessionHost='https://sessionserver.mojang.com', servicesHost='https://api.minecraftservices.com', name='PROD'
[20:19:31] [main/INFO]: Setting user: aHappyOreo
[20:19:33] [main/INFO]: Backend library: LWJGL version 3.2.2 build 10
[20:19:36] [main/FATAL]: Error during pre-loading phase
net.minecraftforge.fml.ModLoadingException: Mod §ecomputercraft§r requires §6forge§r §o36.2.20 or above, and below 37§r
§7Currently, §6forge§r§7 is §o36.2.2
	at net.minecraftforge.fml.ModLoadingException.lambda$fromEarlyException$0(ModLoadingException.java:64) ~[?:?]
	at net.minecraftforge.fml.ModLoadingException$$Lambda$2895/2107105388.apply(Unknown Source) ~[?:?]
	at java.util.stream.ReferencePipeline$3$1.accept(ReferencePipeline.java:193) ~[?:1.8.0_51]
	at java.util.ArrayList$ArrayListSpliterator.forEachRemaining(ArrayList.java:1374) ~[?:1.8.0_51]
	at java.util.stream.AbstractPipeline.copyInto(AbstractPipeline.java:512) ~[?:1.8.0_51]
	at java.util.stream.AbstractPipeline.wrapAndCopyInto(AbstractPipeline.java:502) ~[?:1.8.0_51]
	at java.util.stream.ForEachOps$ForEachOp.evaluateSequential(ForEachOps.java:151) ~[?:1.8.0_51]
	at java.util.stream.ForEachOps$ForEachOp$OfRef.evaluateSequential(ForEachOps.java:174) ~[?:1.8.0_51]
	at java.util.stream.AbstractPipeline.evaluate(AbstractPipeline.java:234) ~[?:1.8.0_51]
	at java.util.stream.ReferencePipeline.forEach(ReferencePipeline.java:418) ~[?:1.8.0_51]
	at java.util.stream.ReferencePipeline$7$1.accept(ReferencePipeline.java:270) ~[?:1.8.0_51]
	at java.util.ArrayList$ArrayListSpliterator.forEachRemaining(ArrayList.java:1374) ~[?:1.8.0_51]
	at java.util.stream.AbstractPipeline.copyInto(AbstractPipeline.java:512) ~[?:1.8.0_51]
	at java.util.stream.AbstractPipeline.wrapAndCopyInto(AbstractPipeline.java:502) ~[?:1.8.0_51]
	at java.util.stream.ReduceOps$ReduceOp.evaluateSequential(ReduceOps.java:708) ~[?:1.8.0_51]
	at java.util.stream.AbstractPipeline.evaluate(AbstractPipeline.java:234) ~[?:1.8.0_51]
	at java.util.stream.ReferencePipeline.collect(ReferencePipeline.java:499) ~[?:1.8.0_51]
	at net.minecraftforge.fml.ModLoader.<init>(ModLoader.java:120) ~[?:?]
	at net.minecraftforge.fml.ModLoader.get(ModLoader.java:154) [?:?]
	at net.minecraftforge.fml.client.ClientModLoader.lambda$begin$1(ClientModLoader.java:103) [?:?]
	at net.minecraftforge.fml.client.ClientModLoader$$Lambda$2892/842588842.run(Unknown Source) [?:?]
	at net.minecraftforge.fml.client.ClientModLoader.lambda$createRunnableWithCatch$4(ClientModLoader.java:123) [?:?]
	at net.minecraftforge.fml.client.ClientModLoader$$Lambda$2893/746436902.run(Unknown Source) [?:?]
	at net.minecraftforge.fml.client.ClientModLoader.begin(ClientModLoader.java:103) [?:?]
	at net.minecraft.client.Minecraft.<init>(Minecraft.java:437) [?:?]
	at net.minecraft.client.main.Main.main(Main.java:149) [?:?]
	at sun.reflect.NativeMethodAccessorImpl.invoke0(Native Method) ~[?:1.8.0_51]
	at sun.reflect.NativeMethodAccessorImpl.invoke(NativeMethodAccessorImpl.java:62) ~[?:1.8.0_51]
	at sun.reflect.DelegatingMethodAccessorImpl.invoke(DelegatingMethodAccessorImpl.java:43) ~[?:1.8.0_51]
	at java.lang.reflect.Method.invoke(Method.java:497) ~[?:1.8.0_51]
	at net.minecraftforge.fml.loading.FMLClientLaunchProvider.lambda$launchService$0(FMLClientLaunchProvider.java:51) [forge-1.16.5-36.2.2.jar:36.2]
	at net.minecraftforge.fml.loading.FMLClientLaunchProvider$$Lambda$441/356308667.call(Unknown Source) [forge-1.16.5-36.2.2.jar:36.2]
	at cpw.mods.modlauncher.LaunchServiceHandlerDecorator.launch(LaunchServiceHandlerDecorator.java:37) [modlauncher-8.0.9.jar:?]
	at cpw.mods.modlauncher.LaunchServiceHandler.launch(LaunchServiceHandler.java:54) [modlauncher-8.0.9.jar:?]
	at cpw.mods.modlauncher.LaunchServiceHandler.launch(LaunchServiceHandler.java:72) [modlauncher-8.0.9.jar:?]
	at cpw.mods.modlauncher.Launcher.run(Launcher.java:82) [modlauncher-8.0.9.jar:?]
	at cpw.mods.modlauncher.Launcher.main(Launcher.java:66) [modlauncher-8.0.9.jar:?]
[20:19:36] [main/ERROR]: Cowardly refusing to send event net.minecraftforge.client.event.sound.SoundLoadEvent to a broken mod state
[20:19:38] [main/ERROR]: Cowardly refusing to send event net.minecraftforge.client.event.ColorHandlerEvent$Block to a broken mod state
[20:19:38] [main/ERROR]: Cowardly refusing to send event net.minecraftforge.client.event.ColorHandlerEvent$Item to a broken mod state
[20:19:41] [main/ERROR]: Cowardly refusing to send event net.minecraftforge.client.event.ParticleFactoryRegisterEvent to a broken mod state
[20:19:41] [main/INFO]: Narrator library for x64 successfully loaded
[20:19:41] [main/INFO]: Reloading ResourceManager: Default
[20:19:42] [Worker-Main-4/ERROR]: Cowardly refusing to send event net.minecraftforge.client.event.ModelRegistryEvent to a broken mod state
[20:19:47] [Worker-Main-5/ERROR]: Cowardly refusing to send event net.minecraftforge.client.event.TextureStitchEvent$Pre to a broken mod state
[20:19:56] [Worker-Main-6/ERROR]: Cowardly refusing to send event net.minecraftforge.client.event.TextureStitchEvent$Pre to a broken mod state
[20:19:59] [Worker-Main-4/ERROR]: Cowardly refusing to send event net.minecraftforge.client.event.TextureStitchEvent$Pre to a broken mod state
[20:19:59] [Worker-Main-7/ERROR]: Cowardly refusing to send event net.minecraftforge.client.event.TextureStitchEvent$Pre to a broken mod state
[20:20:02] [Worker-Main-4/ERROR]: Cowardly refusing to send event net.minecraftforge.client.event.TextureStitchEvent$Pre to a broken mod state
[20:20:02] [Worker-Main-4/ERROR]: Cowardly refusing to send event net.minecraftforge.client.event.TextureStitchEvent$Pre to a broken mod state
[20:20:02] [Worker-Main-4/ERROR]: Cowardly refusing to send event net.minecraftforge.client.event.TextureStitchEvent$Pre to a broken mod state
[20:20:02] [Worker-Main-4/ERROR]: Cowardly refusing to send event net.minecraftforge.client.event.TextureStitchEvent$Pre to a broken mod state
[20:20:02] [Worker-Main-4/ERROR]: Cowardly refusing to send event net.minecraftforge.client.event.TextureStitchEvent$Pre to a broken mod state
[20:20:02] [Worker-Main-4/ERROR]: Cowardly refusing to send event net.minecraftforge.client.event.TextureStitchEvent$Pre to a broken mod state
[20:20:05] [main/INFO]: OpenAL initialized.
[20:20:05] [main/INFO]: Sound engine started
[20:20:07] [main/INFO]: Created: 1024x512x4 minecraft:textures/atlas/blocks.png-atlas
[20:20:08] [main/ERROR]: Cowardly refusing to send event net.minecraftforge.client.event.TextureStitchEvent$Post to a broken mod state
[20:20:08] [main/INFO]: Created: 256x128x4 minecraft:textures/atlas/signs.png-atlas
[20:20:08] [main/ERROR]: Cowardly refusing to send event net.minecraftforge.client.event.TextureStitchEvent$Post to a broken mod state
[20:20:08] [main/INFO]: Created: 512x512x4 minecraft:textures/atlas/banner_patterns.png-atlas
[20:20:08] [main/ERROR]: Cowardly refusing to send event net.minecraftforge.client.event.TextureStitchEvent$Post to a broken mod state
[20:20:08] [main/INFO]: Created: 512x512x4 minecraft:textures/atlas/shield_patterns.png-atlas
[20:20:08] [main/ERROR]: Cowardly refusing to send event net.minecraftforge.client.event.TextureStitchEvent$Post to a broken mod state
[20:20:08] [main/INFO]: Created: 256x256x4 minecraft:textures/atlas/chest.png-atlas
[20:20:08] [main/ERROR]: Cowardly refusing to send event net.minecraftforge.client.event.TextureStitchEvent$Post to a broken mod state
[20:20:08] [main/INFO]: Created: 512x256x4 minecraft:textures/atlas/beds.png-atlas
[20:20:08] [main/ERROR]: Cowardly refusing to send event net.minecraftforge.client.event.TextureStitchEvent$Post to a broken mod state
[20:20:08] [main/INFO]: Created: 512x256x4 minecraft:textures/atlas/shulker_boxes.png-atlas
[20:20:08] [main/ERROR]: Cowardly refusing to send event net.minecraftforge.client.event.TextureStitchEvent$Post to a broken mod state
[20:20:11] [main/ERROR]: Cowardly refusing to send event net.minecraftforge.client.event.ModelBakeEvent to a broken mod state
[20:20:12] [main/INFO]: Created: 256x256x0 minecraft:textures/atlas/particles.png-atlas
[20:20:13] [main/ERROR]: Cowardly refusing to send event net.minecraftforge.client.event.TextureStitchEvent$Post to a broken mod state
[20:20:13] [main/INFO]: Created: 256x256x0 minecraft:textures/atlas/paintings.png-atlas
[20:20:13] [main/ERROR]: Cowardly refusing to send event net.minecraftforge.client.event.TextureStitchEvent$Post to a broken mod state
[20:20:13] [main/INFO]: Created: 128x128x0 minecraft:textures/atlas/mob_effects.png-atlas
[20:20:13] [main/ERROR]: Cowardly refusing to send event net.minecraftforge.client.event.TextureStitchEvent$Post to a broken mod state
[20:20:13] [main/INFO]: [net.minecraft.crash.CrashReport:func_85057_a:196]: Negative index in crash report handler (23/26)
[20:20:13] [main/FATAL]: Crash report saved to C:\ATLauncher\instances\BrewoftheCurrent\crash-reports\crash-2022-03-02_20.20.13-fml.txt
[20:20:42] [main/INFO]: Stopping!
